<?xml version="1.0" encoding="UTF-8"?>
<testsuite xmlns:xsi="http://www.w3.org/2001/XMLSchema-instance" xsi:noNamespaceSchemaLocation="https://maven.apache.org/surefire/maven-surefire-plugin/xsd/surefire-test-report-3.0.xsd" version="3.0" name="com.tradestore.contract.TradeStoreContractTest" time="11.662" tests="4" errors="0" skipped="4" failures="0">
  <properties>
[...]
</properties>
  <testcase name="testLowerVersionContract" classname="com.tradestore.contract.TradeStoreContractTest" time="0.0">
    <skipped message="Test is currently broken"/>
    <system-out><![CDATA[12:47:00.710 [main] INFO org.springframework.test.context.support.AnnotationConfigContextLoaderUtils -- Could not detect default configuration classes for test class [com.tradestore.contract.TradeStoreContractTest]: TradeStoreContractTest does not declare any static, non-private, non-final, nested classes annotated with @Configuration.
12:47:00.981 [main] INFO org.springframework.boot.test.context.SpringBootTestContextBootstrapper -- Found @SpringBootConfiguration com.tradestore.Application for test class com.tradestore.contract.TradeStoreContractTest

  .   ____          _            __ _ _
 /\\ / ___'_ __ _ _(_)_ __  __ _ \ \ \ \
( ( )\___ | '_ | '_| | '_ \/ _` | \ \ \ \
 \\/  ___)| |_)| | | | | || (_| |  ) ) ) )
  '  |____| .__|_| |_|_| |_\__, | / / / /
 =========|_|==============|___/=/_/_/_/

 :: Spring Boot ::               (v3.3.11)

2025-12-11T12:47:03.621+05:30  INFO 11732 --- [           main] c.t.contract.TradeStoreContractTest      : Starting TradeStoreContractTest using Java 18.0.2.1 with PID 11732 (started by panka in C:\Pankaj\project\github\tradestore)
2025-12-11T12:47:03.623+05:30  INFO 11732 --- [           main] c.t.contract.TradeStoreContractTest      : No active profile set, falling back to 1 default profile: "default"
2025-12-11T12:47:05.118+05:30  INFO 11732 --- [           main] .s.d.r.c.RepositoryConfigurationDelegate : Bootstrapping Spring Data JPA repositories in DEFAULT mode.
2025-12-11T12:47:05.221+05:30  INFO 11732 --- [           main] .s.d.r.c.RepositoryConfigurationDelegate : Finished Spring Data repository scanning in 83 ms. Found 1 JPA repository interface.
2025-12-11T12:47:06.123+05:30  INFO 11732 --- [           main] o.s.b.w.embedded.tomcat.TomcatWebServer  : Tomcat initialized with port 0 (http)
2025-12-11T12:47:06.152+05:30  INFO 11732 --- [           main] o.apache.catalina.core.StandardService   : Starting service [Tomcat]
2025-12-11T12:47:06.153+05:30  INFO 11732 --- [           main] o.apache.catalina.core.StandardEngine    : Starting Servlet engine: [Apache Tomcat/10.1.40]
2025-12-11T12:47:06.240+05:30  INFO 11732 --- [           main] o.a.c.c.C.[Tomcat].[localhost].[/]       : Initializing Spring embedded WebApplicationContext
2025-12-11T12:47:06.241+05:30  INFO 11732 --- [           main] w.s.c.ServletWebServerApplicationContext : Root WebApplicationContext: initialization completed in 2188 ms
2025-12-11T12:47:06.528+05:30  INFO 11732 --- [           main] com.zaxxer.hikari.HikariDataSource       : HikariPool-1 - Starting...
2025-12-11T12:47:06.960+05:30  INFO 11732 --- [           main] com.zaxxer.hikari.pool.HikariPool        : HikariPool-1 - Added connection org.postgresql.jdbc.PgConnection@1abd158
2025-12-11T12:47:06.965+05:30  INFO 11732 --- [           main] com.zaxxer.hikari.HikariDataSource       : HikariPool-1 - Start completed.
2025-12-11T12:47:07.067+05:30  INFO 11732 --- [           main] o.hibernate.jpa.internal.util.LogHelper  : HHH000204: Processing PersistenceUnitInfo [name: default]
2025-12-11T12:47:07.199+05:30  INFO 11732 --- [           main] org.hibernate.Version                    : HHH000412: Hibernate ORM core version 6.5.3.Final
2025-12-11T12:47:07.289+05:30  INFO 11732 --- [           main] o.h.c.internal.RegionFactoryInitiator    : HHH000026: Second-level cache disabled
2025-12-11T12:47:08.024+05:30  INFO 11732 --- [           main] o.s.o.j.p.SpringPersistenceUnitInfo      : No LoadTimeWeaver setup: ignoring JPA class transformer
2025-12-11T12:47:08.181+05:30  WARN 11732 --- [           main] org.hibernate.orm.deprecation            : HHH90000025: PostgreSQLDialect does not need to be specified explicitly using 'hibernate.dialect' (remove the property setting and it will be selected by default)
2025-12-11T12:47:09.558+05:30  INFO 11732 --- [           main] o.h.e.t.j.p.i.JtaPlatformInitiator       : HHH000489: No JTA platform available (set 'hibernate.transaction.jta.platform' to enable JTA platform integration)
2025-12-11T12:47:09.562+05:30  INFO 11732 --- [           main] j.LocalContainerEntityManagerFactoryBean : Initialized JPA EntityManagerFactory for persistence unit 'default'
2025-12-11T12:47:09.893+05:30  INFO 11732 --- [           main] o.s.d.j.r.query.QueryEnhancerFactory     : Hibernate is in classpath; If applicable, HQL parser will be used.
2025-12-11T12:47:10.949+05:30  WARN 11732 --- [           main] JpaBaseConfiguration$JpaWebConfiguration : spring.jpa.open-in-view is enabled by default. Therefore, database queries may be performed during view rendering. Explicitly configure spring.jpa.open-in-view to disable this warning
2025-12-11T12:47:11.542+05:30  INFO 11732 --- [           main] o.a.c.c.C.[Tomcat].[localhost].[/]       : Initializing Spring TestDispatcherServlet ''
2025-12-11T12:47:11.542+05:30  INFO 11732 --- [           main] o.s.t.web.servlet.TestDispatcherServlet  : Initializing Servlet ''
2025-12-11T12:47:11.543+05:30  INFO 11732 --- [           main] o.s.t.web.servlet.TestDispatcherServlet  : Completed initialization in 1 ms
2025-12-11T12:47:11.610+05:30  INFO 11732 --- [           main] o.s.b.w.embedded.tomcat.TomcatWebServer  : Tomcat started on port 51717 (http) with context path '/'
2025-12-11T12:47:11.627+05:30  INFO 11732 --- [           main] c.t.contract.TradeStoreContractTest      : Started TradeStoreContractTest in 8.586 seconds (process running for 13.44)
]]></system-out>
  </testcase>
  <testcase name="testCreateTradeNewVersionContract" classname="com.tradestore.contract.TradeStoreContractTest" time="0.0">
    <skipped message="Test is currently broken"/>
  </testcase>
  <testcase name="testMaturityDateIsInPast" classname="com.tradestore.contract.TradeStoreContractTest" time="0.0">
    <skipped message="Test is currently broken"/>
  </testcase>
  <testcase name="testCreateTradeSameVersionContract" classname="com.tradestore.contract.TradeStoreContractTest" time="0.0">
    <skipped message="Test is currently broken"/>
  </testcase>
</testsuite>